<<<<<<< HEAD
<<<<<<< HEAD
# project  configured on Fri Oct  9 22:56:12 2015 by
=======
# project  configured on Fri Oct  9 22:28:42 2015 by
>>>>>>> 0a9ffdd7c21e5098af3e2b1c96e73e33b59fe4d8
=======
# project  configured on Fri Oct  9 22:33:38 2015 by
>>>>>>> basalt-support
# waf 1.7.11 (abi 98, python 2070af0 on darwin)
# using /Users/willemolding/pebble-dev/PebbleSDK-3.6-dp2/Pebble/waf configure
#
----------------------------------------
Setting top to
/Users/willemolding/Dropbox/Pebble/Pebtides_Time/SurfWatch
----------------------------------------
Setting out to
/Users/willemolding/Dropbox/Pebble/Pebtides_Time/SurfWatch/build
----------------------------------------
Found Pebble SDK for chalk in:
/Users/willemolding/pebble-dev/PebbleSDK-3.6-dp2/Pebble/chalk
----------------------------------------
Checking for program gcc,cc
arm-none-eabi-gcc
find program=['gcc', 'cc'] paths='' var='CC' -> 'arm-none-eabi-gcc'
----------------------------------------
Checking for program ar
arm-none-eabi-gcc-ar
find program=['ar'] paths='' var='AR' -> 'arm-none-eabi-gcc-ar'
----------------------------------------
Found Pebble SDK for basalt in:
/Users/willemolding/pebble-dev/PebbleSDK-3.6-dp2/Pebble/basalt
----------------------------------------
Checking for program gcc,cc
arm-none-eabi-gcc
find program=['gcc', 'cc'] paths='' var='CC' -> 'arm-none-eabi-gcc'
----------------------------------------
Checking for program ar
arm-none-eabi-gcc-ar
find program=['ar'] paths='' var='AR' -> 'arm-none-eabi-gcc-ar'
